# JRE version: Java(TM) SE Runtime Environment (8.0_51-b16) (build 1.8.0_51-b16)
# Java VM: Java HotSpot(TM) 64-Bit Server VM (25.51-b03 mixed mode windows-amd64 compressed oops)
Heap:
 PSYoungGen      total 38400K, used 11150K [0x00000000d5580000, 0x00000000d8000000, 0x0000000100000000)
  eden space 33280K, 33% used [0x00000000d5580000,0x00000000d6063900,0x00000000d7600000)
  from space 5120K, 0% used [0x00000000d7600000,0x00000000d7600000,0x00000000d7b00000)
  to   space 5120K, 0% used [0x00000000d7b00000,0x00000000d7b00000,0x00000000d8000000)
 ParOldGen       total 67584K, used 3238K [0x0000000080000000, 0x0000000084200000, 0x00000000d5580000)
  object space 67584K, 4% used [0x0000000080000000,0x0000000080329b40,0x0000000084200000)
 Metaspace       used 14073K, capacity 14696K, committed 14848K, reserved 1062912K
  class space    used 2024K, capacity 2194K, committed 2304K, reserved 1048576K
GC Heap History (4 events):
Event: 3.041 GC heap before
{Heap before GC invocations=1 (full 0):
 PSYoungGen      total 38400K, used 21926K [0x00000000d5580000, 0x00000000d8000000, 0x0000000100000000)
  eden space 33280K, 65% used [0x00000000d5580000,0x00000000d6ae9870,0x00000000d7600000)
  from space 5120K, 0% used [0x00000000d7b00000,0x00000000d7b00000,0x00000000d8000000)
  to   space 5120K, 0% used [0x00000000d7600000,0x00000000d7600000,0x00000000d7b00000)
 ParOldGen       total 87552K, used 0K [0x0000000080000000, 0x0000000085580000, 0x00000000d5580000)
  object space 87552K, 0% used [0x0000000080000000,0x0000000080000000,0x0000000085580000)
 Metaspace       used 10933K, capacity 11268K, committed 11392K, reserved 1062912K
  class space    used 1472K, capacity 1602K, committed 1664K, reserved 1048576K
Event: 3.045 GC heap after
Heap after GC invocations=1 (full 0):
 PSYoungGen      total 38400K, used 3248K [0x00000000d5580000, 0x00000000d8000000, 0x0000000100000000)
  eden space 33280K, 0% used [0x00000000d5580000,0x00000000d5580000,0x00000000d7600000)
  from space 5120K, 63% used [0x00000000d7600000,0x00000000d792c030,0x00000000d7b00000)
  to   space 5120K, 0% used [0x00000000d7b00000,0x00000000d7b00000,0x00000000d8000000)
 ParOldGen       total 87552K, used 80K [0x0000000080000000, 0x0000000085580000, 0x00000000d5580000)
  object space 87552K, 0% used [0x0000000080000000,0x0000000080014010,0x0000000085580000)
 Metaspace       used 10933K, capacity 11268K, committed 11392K, reserved 1062912K
  class space    used 1472K, capacity 1602K, committed 1664K, reserved 1048576K
}
Event: 3.045 GC heap before
{Heap before GC invocations=2 (full 1):
 PSYoungGen      total 38400K, used 3248K [0x00000000d5580000, 0x00000000d8000000, 0x0000000100000000)
  eden space 33280K, 0% used [0x00000000d5580000,0x00000000d5580000,0x00000000d7600000)
  from space 5120K, 63% used [0x00000000d7600000,0x00000000d792c030,0x00000000d7b00000)
  to   space 5120K, 0% used [0x00000000d7b00000,0x00000000d7b00000,0x00000000d8000000)
 ParOldGen       total 87552K, used 80K [0x0000000080000000, 0x0000000085580000, 0x00000000d5580000)
  object space 87552K, 0% used [0x0000000080000000,0x0000000080014010,0x0000000085580000)
 Metaspace       used 10933K, capacity 11268K, committed 11392K, reserved 1062912K
  class space    used 1472K, capacity 1602K, committed 1664K, reserved 1048576K
Event: 3.098 GC heap after
Heap after GC invocations=2 (full 1):
 PSYoungGen      total 38400K, used 0K [0x00000000d5580000, 0x00000000d8000000, 0x0000000100000000)
  eden space 33280K, 0% used [0x00000000d5580000,0x00000000d5580000,0x00000000d7600000)
  from space 5120K, 0% used [0x00000000d7600000,0x00000000d7600000,0x00000000d7b00000)
  to   space 5120K, 0% used [0x00000000d7b00000,0x00000000d7b00000,0x00000000d8000000)
 ParOldGen       total 67584K, used 3238K [0x0000000080000000, 0x0000000084200000, 0x00000000d5580000)
  object space 67584K, 4% used [0x0000000080000000,0x0000000080329b40,0x0000000084200000)
 Metaspace       used 10933K, capacity 11268K, committed 11392K, reserved 1060864K
  class space    used 1472K, capacity 1602K, committed 1664K, reserved 1048576K
}

